<?xml version="1.0" encoding="UTF-8"?>
<testng-results skipped="0" failed="0" ignored="0" total="7" passed="7">
  <reporter-output>
  </reporter-output>
  <suite name="用户管理系统测试套件" duration-ms="34422" started-at="2019-04-21T15:55:32Z" finished-at="2019-04-21T15:56:07Z">
    <groups>
      <group name="loginTrue">
        <method signature="LoginTest.loginTrue()[pri:0, instance:com.course.cases.LoginTest@20e2cbe0]" name="loginTrue" class="com.course.cases.LoginTest"/>
      </group> <!-- loginTrue -->
      <group name="loginFalse">
        <method signature="LoginTest.loginFalse()[pri:0, instance:com.course.cases.LoginTest@20e2cbe0]" name="loginFalse" class="com.course.cases.LoginTest"/>
      </group> <!-- loginFalse -->
    </groups>
    <test name="用户管理系统测试用例" duration-ms="34422" started-at="2019-04-21T15:55:32Z" finished-at="2019-04-21T15:56:07Z">
      <class name="com.course.cases.UpdateUserInfoTest">
        <test-method status="PASS" signature="updateUserInfo()[pri:0, instance:com.course.cases.UpdateUserInfoTest@51565ec2]" name="updateUserInfo" duration-ms="11198" depends-on-groups="loginTrue" started-at="2019-04-21T23:55:43Z" description="更改用户信息" finished-at="2019-04-21T23:55:54Z">
          <reporter-output>
          </reporter-output>
        </test-method> <!-- updateUserInfo -->
        <test-method status="PASS" signature="deleteUser()[pri:0, instance:com.course.cases.UpdateUserInfoTest@51565ec2]" name="deleteUser" duration-ms="11118" depends-on-groups="loginTrue" started-at="2019-04-21T23:55:54Z" description="删除用户信息" finished-at="2019-04-21T23:56:05Z">
          <reporter-output>
          </reporter-output>
        </test-method> <!-- deleteUser -->
      </class> <!-- com.course.cases.UpdateUserInfoTest -->
      <class name="com.course.cases.LoginTest">
        <test-method status="PASS" signature="beforeTest()[pri:0, instance:com.course.cases.LoginTest@20e2cbe0]" name="beforeTest" is-config="true" duration-ms="41" started-at="2019-04-21T23:55:32Z" description="测试准备工作，获取HttpClient对象" finished-at="2019-04-21T23:55:32Z">
          <reporter-output>
          </reporter-output>
        </test-method> <!-- beforeTest -->
        <test-method status="PASS" signature="loginTrue()[pri:0, instance:com.course.cases.LoginTest@20e2cbe0]" name="loginTrue" duration-ms="2305" started-at="2019-04-21T23:55:32Z" description="用户登陆成功接口测试" finished-at="2019-04-21T23:55:35Z">
          <reporter-output>
          </reporter-output>
        </test-method> <!-- loginTrue -->
        <test-method status="PASS" signature="loginFalse()[pri:0, instance:com.course.cases.LoginTest@20e2cbe0]" name="loginFalse" duration-ms="1116" started-at="2019-04-21T23:55:35Z" description="用户登陆失败接口测试" finished-at="2019-04-21T23:55:36Z">
          <reporter-output>
          </reporter-output>
        </test-method> <!-- loginFalse -->
      </class> <!-- com.course.cases.LoginTest -->
      <class name="com.course.cases.GetUserInfoTest">
        <test-method status="PASS" signature="getUserInfo()[pri:0, instance:com.course.cases.GetUserInfoTest@675d3402]" name="getUserInfo" duration-ms="1338" depends-on-groups="loginTrue" started-at="2019-04-21T23:55:42Z" description="获取userId为1的用户信息" finished-at="2019-04-21T23:55:43Z">
          <reporter-output>
          </reporter-output>
        </test-method> <!-- getUserInfo -->
      </class> <!-- com.course.cases.GetUserInfoTest -->
      <class name="com.course.cases.AddUserTest">
        <test-method status="PASS" signature="addUser()[pri:0, instance:com.course.cases.AddUserTest@68be2bc2]" name="addUser" duration-ms="6076" depends-on-groups="loginTrue" started-at="2019-04-21T23:55:36Z" description="添加用户接口测试" finished-at="2019-04-21T23:55:42Z">
          <reporter-output>
          </reporter-output>
        </test-method> <!-- addUser -->
      </class> <!-- com.course.cases.AddUserTest -->
      <class name="com.course.cases.GetUserInfoListTest">
        <test-method status="PASS" signature="getUserListInfo()[pri:0, instance:com.course.cases.GetUserInfoListTest@482f8f11]" name="getUserListInfo" duration-ms="1192" depends-on-groups="loginTrue" started-at="2019-04-21T23:56:05Z" description="获取性别为男的用户信息" finished-at="2019-04-21T23:56:07Z">
          <reporter-output>
          </reporter-output>
        </test-method> <!-- getUserListInfo -->
      </class> <!-- com.course.cases.GetUserInfoListTest -->
    </test> <!-- 用户管理系统测试用例 -->
  </suite> <!-- 用户管理系统测试套件 -->
</testng-results>
