<?xml version="1.0" encoding="UTF-8"?>
<!-- Generated by org.testng.reporters.JUnitXMLReporter -->
<testsuite hostname="LAPTOP-DK86T691" ignored="0" name="用户管理系统测试用例" tests="7" failures="0" timestamp="21 四月 2019 15:56:07 GMT" time="34.422" errors="0">
  <testcase name="loginTrue" time="2.305" classname="com.course.cases.LoginTest"/>
  <testcase name="loginFalse" time="1.116" classname="com.course.cases.LoginTest"/>
  <testcase name="addUser" time="6.076" classname="com.course.cases.AddUserTest"/>
  <testcase name="getUserInfo" time="1.338" classname="com.course.cases.GetUserInfoTest"/>
  <testcase name="updateUserInfo" time="11.198" classname="com.course.cases.UpdateUserInfoTest"/>
  <testcase name="deleteUser" time="11.118" classname="com.course.cases.UpdateUserInfoTest"/>
  <testcase name="getUserListInfo" time="1.192" classname="com.course.cases.GetUserInfoListTest"/>
</testsuite> <!-- 用户管理系统测试用例 -->
