<?xml version="1.0" encoding="UTF-8"?>
<!-- Generated by org.testng.reporters.JUnitXMLReporter -->
<testsuite hostname="DESKTOP-1J0QRU3" ignored="0" name="用户管理系统测试用例" tests="7" failures="2" timestamp="18 二月 2019 01:31:10 GMT" time="33.178" errors="0">
  <testcase name="loginTrue" time="2.258" classname="com.course.cases.LoginTest"/>
  <testcase name="loginFalse" time="0.924" classname="com.course.cases.LoginTest"/>
  <testcase name="addUser" time="5.922" classname="com.course.cases.AddUserTest">
    <failure type="java.lang.AssertionError" message="expected [{&amp;quot;timestamp&amp;quot;:1550453441315,&amp;quot;status&amp;quot;:500,&amp;quot;error&amp;quot;:&amp;quot;Internal Server Error&amp;quot;,&amp;quot;exception&amp;quot;:&amp;quot;org.springframework.dao.DataIntegrityViolationException&amp;quot;,&amp;quot;message&amp;quot;:&amp;quot;\r\n### Error updating database.  Cause: java.sql.SQLException: Field &amp;apos;id&amp;apos; doesn&amp;apos;t have a default value\r\n### The error may involve com.course.addUser-Inline\r\n### The error occurred while setting parameters\r\n### SQL: insert into         user(userName,password,sex,age,permission,isDelete)         values         (?,?,?,?,?,?);\r\n### Cause: java.sql.SQLException: Field &amp;apos;id&amp;apos; doesn&amp;apos;t have a default value\n; SQL []; Field &amp;apos;id&amp;apos; doesn&amp;apos;t have a default value; nested exception is java.sql.SQLException: Field &amp;apos;id&amp;apos; doesn&amp;apos;t have a default value&amp;quot;,&amp;quot;path&amp;quot;:&amp;quot;/v1/addUser&amp;quot;}] but found [true]">
      <![CDATA[java.lang.AssertionError: expected [{"timestamp":1550453441315,"status":500,"error":"Internal Server Error","exception":"org.springframework.dao.DataIntegrityViolationException","message":"\r\n### Error updating database.  Cause: java.sql.SQLException: Field 'id' doesn't have a default value\r\n### The error may involve com.course.addUser-Inline\r\n### The error occurred while setting parameters\r\n### SQL: insert into         user(userName,password,sex,age,permission,isDelete)         values         (?,?,?,?,?,?);\r\n### Cause: java.sql.SQLException: Field 'id' doesn't have a default value\n; SQL []; Field 'id' doesn't have a default value; nested exception is java.sql.SQLException: Field 'id' doesn't have a default value","path":"/v1/addUser"}] but found [true]
	at com.course.cases.AddUserTest.addUser(AddUserTest.java:36)
... Removed 31 stack frames]]>
    </failure>
  </testcase> <!-- addUser -->
  <testcase name="getUserInfo" time="0.984" classname="com.course.cases.GetUserInfoTest"/>
  <testcase name="updateUserInfo" time="10.963" classname="com.course.cases.UpdateUserInfoTest"/>
  <testcase name="deleteUser" time="11.01" classname="com.course.cases.UpdateUserInfoTest">
    <failure type="java.lang.NumberFormatException" message="For input string: &amp;quot;{&amp;quot;timestamp&amp;quot;:1550453459383,&amp;quot;status&amp;quot;:500,&amp;quot;error&amp;quot;:&amp;quot;Internal Server Error&amp;quot;,&amp;quot;exception&amp;quot;:&amp;quot;org.springframework.jdbc.BadSqlGrammarException&amp;quot;,&amp;quot;message&amp;quot;:&amp;quot;\r\n### Error updating database.  Cause: java.sql.SQLSyntaxErrorException: You have an error in your SQL syntax; check the manual that corresponds to your MySQL server version for the right syntax to use near &amp;apos;where id = 7&amp;apos; at line 3\r\n### The error may involve com.course.updateUserInfo-Inline\r\n### The error occurred while setting parameters\r\n### SQL: update user                    where id = ?\r\n### Cause: java.sql.SQLSyntaxErrorException: You have an error in your SQL syntax; check the manual that corresponds to your MySQL server version for the right syntax to use near &amp;apos;where id = 7&amp;apos; at line 3\n; bad SQL grammar []; nested exception is java.sql.SQLSyntaxErrorException: You have an error in your SQL syntax; check the manual that corresponds to your MySQL server version for the right syntax to use near &amp;apos;where id = 7&amp;apos; at line 3&amp;quot;,&amp;quot;path&amp;quot;:&amp;quot;/v1/updateUserInfo&amp;quot;}&amp;quot;">
      <![CDATA[java.lang.NumberFormatException: For input string: "{"timestamp":1550453459383,"status":500,"error":"Internal Server Error","exception":"org.springframework.jdbc.BadSqlGrammarException","message":"\r\n### Error updating database.  Cause: java.sql.SQLSyntaxErrorException: You have an error in your SQL syntax; check the manual that corresponds to your MySQL server version for the right syntax to use near 'where id = 7' at line 3\r\n### The error may involve com.course.updateUserInfo-Inline\r\n### The error occurred while setting parameters\r\n### SQL: update user                    where id = ?\r\n### Cause: java.sql.SQLSyntaxErrorException: You have an error in your SQL syntax; check the manual that corresponds to your MySQL server version for the right syntax to use near 'where id = 7' at line 3\n; bad SQL grammar []; nested exception is java.sql.SQLSyntaxErrorException: You have an error in your SQL syntax; check the manual that corresponds to your MySQL server version for the right syntax to use near 'where id = 7' at line 3","path":"/v1/updateUserInfo"}"
	at java.lang.NumberFormatException.forInputString(NumberFormatException.java:65)
	at java.lang.Integer.parseInt(Integer.java:580)
	at java.lang.Integer.parseInt(Integer.java:615)
	at com.course.cases.UpdateUserInfoTest.getResult(UpdateUserInfoTest.java:73)
	at com.course.cases.UpdateUserInfoTest.deleteUser(UpdateUserInfoTest.java:44)
... Removed 25 stack frames]]>
    </failure>
  </testcase> <!-- deleteUser -->
  <testcase name="getUserListInfo" time="0.994" classname="com.course.cases.GetUserInfoListTest"/>
</testsuite> <!-- 用户管理系统测试用例 -->
