<?xml version="1.0" encoding="UTF-8"?>
<!-- Generated by org.testng.reporters.JUnitXMLReporter -->
<testsuite hostname="DESKTOP-1J0QRU3" ignored="1" name="用户管理系统测试用例" tests="5" failures="0" timestamp="18 二月 2019 01:45:50 GMT" time="16.06" errors="0">
  <testcase name="loginTrue" time="2.218" classname="com.course.cases.LoginTest"/>
  <testcase name="loginFalse" time="0.846" classname="com.course.cases.LoginTest"/>
  <testcase name="getUserInfo" time="0.999" classname="com.course.cases.GetUserInfoTest"/>
  <testcase name="updateUserInfo" time="10.969" classname="com.course.cases.UpdateUserInfoTest"/>
  <testcase name="getUserListInfo" time="0.959" classname="com.course.cases.GetUserInfoListTest"/>
  <testcase name="deleteUser" time="0.0" classname="com.course.cases.UpdateUserInfoTest">
    <ignored/>
  </testcase> <!-- deleteUser -->
</testsuite> <!-- 用户管理系统测试用例 -->
