<?xml version="1.0" encoding="UTF-8"?>
<testng-results skipped="0" failed="0" ignored="1" total="6" passed="5">
  <reporter-output>
  </reporter-output>
  <suite name="用户管理系统测试套件" duration-ms="16060" started-at="2019-02-18T01:45:34Z" finished-at="2019-02-18T01:45:50Z">
    <groups>
      <group name="loginTrue">
        <method signature="LoginTest.loginTrue()[pri:0, instance:com.course.cases.LoginTest@5594a1b5]" name="loginTrue" class="com.course.cases.LoginTest"/>
      </group> <!-- loginTrue -->
      <group name="loginFalse">
        <method signature="LoginTest.loginFalse()[pri:0, instance:com.course.cases.LoginTest@5594a1b5]" name="loginFalse" class="com.course.cases.LoginTest"/>
      </group> <!-- loginFalse -->
    </groups>
    <test name="用户管理系统测试用例" duration-ms="16060" started-at="2019-02-18T01:45:34Z" finished-at="2019-02-18T01:45:50Z">
      <class name="com.course.cases.UpdateUserInfoTest">
        <test-method status="PASS" signature="updateUserInfo()[pri:0, instance:com.course.cases.UpdateUserInfoTest@1e643faf]" name="updateUserInfo" duration-ms="10969" depends-on-groups="loginTrue" started-at="2019-02-18T09:45:38Z" description="更改用户信息" finished-at="2019-02-18T09:45:49Z">
          <reporter-output>
          </reporter-output>
        </test-method> <!-- updateUserInfo -->
      </class> <!-- com.course.cases.UpdateUserInfoTest -->
      <class name="com.course.cases.LoginTest">
        <test-method status="PASS" signature="beforeTest()[pri:0, instance:com.course.cases.LoginTest@5594a1b5]" name="beforeTest" is-config="true" duration-ms="44" started-at="2019-02-18T09:45:34Z" description="测试准备工作，获取HttpClient对象" finished-at="2019-02-18T09:45:34Z">
          <reporter-output>
          </reporter-output>
        </test-method> <!-- beforeTest -->
        <test-method status="PASS" signature="loginTrue()[pri:0, instance:com.course.cases.LoginTest@5594a1b5]" name="loginTrue" duration-ms="2218" started-at="2019-02-18T09:45:34Z" description="用户登陆成功接口测试" finished-at="2019-02-18T09:45:36Z">
          <reporter-output>
          </reporter-output>
        </test-method> <!-- loginTrue -->
        <test-method status="PASS" signature="loginFalse()[pri:0, instance:com.course.cases.LoginTest@5594a1b5]" name="loginFalse" duration-ms="846" started-at="2019-02-18T09:45:36Z" description="用户登陆失败接口测试" finished-at="2019-02-18T09:45:37Z">
          <reporter-output>
          </reporter-output>
        </test-method> <!-- loginFalse -->
      </class> <!-- com.course.cases.LoginTest -->
      <class name="com.course.cases.GetUserInfoTest">
        <test-method status="PASS" signature="getUserInfo()[pri:0, instance:com.course.cases.GetUserInfoTest@6a5fc7f7]" name="getUserInfo" duration-ms="999" depends-on-groups="loginTrue" started-at="2019-02-18T09:45:37Z" description="获取userId为1的用户信息" finished-at="2019-02-18T09:45:38Z">
          <reporter-output>
          </reporter-output>
        </test-method> <!-- getUserInfo -->
      </class> <!-- com.course.cases.GetUserInfoTest -->
      <class name="com.course.cases.GetUserInfoListTest">
        <test-method status="PASS" signature="getUserListInfo()[pri:0, instance:com.course.cases.GetUserInfoListTest@6e8dacdf]" name="getUserListInfo" duration-ms="959" depends-on-groups="loginTrue" started-at="2019-02-18T09:45:49Z" description="获取性别为男的用户信息" finished-at="2019-02-18T09:45:50Z">
          <reporter-output>
          </reporter-output>
        </test-method> <!-- getUserListInfo -->
      </class> <!-- com.course.cases.GetUserInfoListTest -->
    </test> <!-- 用户管理系统测试用例 -->
  </suite> <!-- 用户管理系统测试套件 -->
</testng-results>
