<?xml version="1.0" encoding="UTF-8"?>
<testng-results skipped="0" failed="0" ignored="0" total="7" passed="7">
  <reporter-output>
  </reporter-output>
  <suite name="用户管理系统测试套件" duration-ms="34060" started-at="2019-04-21T15:56:50Z" finished-at="2019-04-21T15:57:24Z">
    <groups>
      <group name="loginTrue">
        <method signature="LoginTest.loginTrue()[pri:0, instance:com.course.cases.LoginTest@6a5fc7f7]" name="loginTrue" class="com.course.cases.LoginTest"/>
      </group> <!-- loginTrue -->
      <group name="loginFalse">
        <method signature="LoginTest.loginFalse()[pri:0, instance:com.course.cases.LoginTest@6a5fc7f7]" name="loginFalse" class="com.course.cases.LoginTest"/>
      </group> <!-- loginFalse -->
    </groups>
    <test name="用户管理系统测试用例" duration-ms="34060" started-at="2019-04-21T15:56:50Z" finished-at="2019-04-21T15:57:24Z">
      <class name="com.course.cases.UpdateUserInfoTest">
        <test-method status="PASS" signature="updateUserInfo()[pri:0, instance:com.course.cases.UpdateUserInfoTest@7a79be86]" name="updateUserInfo" duration-ms="11201" depends-on-groups="loginTrue" started-at="2019-04-21T23:57:00Z" description="更改用户信息" finished-at="2019-04-21T23:57:12Z">
          <reporter-output>
          </reporter-output>
        </test-method> <!-- updateUserInfo -->
        <test-method status="PASS" signature="deleteUser()[pri:0, instance:com.course.cases.UpdateUserInfoTest@7a79be86]" name="deleteUser" duration-ms="11159" depends-on-groups="loginTrue" started-at="2019-04-21T23:57:12Z" description="删除用户信息" finished-at="2019-04-21T23:57:23Z">
          <reporter-output>
          </reporter-output>
        </test-method> <!-- deleteUser -->
      </class> <!-- com.course.cases.UpdateUserInfoTest -->
      <class name="com.course.cases.LoginTest">
        <test-method status="PASS" signature="beforeTest()[pri:0, instance:com.course.cases.LoginTest@6a5fc7f7]" name="beforeTest" is-config="true" duration-ms="41" started-at="2019-04-21T23:56:50Z" description="测试准备工作，获取HttpClient对象" finished-at="2019-04-21T23:56:50Z">
          <reporter-output>
          </reporter-output>
        </test-method> <!-- beforeTest -->
        <test-method status="PASS" signature="loginTrue()[pri:0, instance:com.course.cases.LoginTest@6a5fc7f7]" name="loginTrue" duration-ms="2286" started-at="2019-04-21T23:56:50Z" description="用户登陆成功接口测试" finished-at="2019-04-21T23:56:52Z">
          <reporter-output>
          </reporter-output>
        </test-method> <!-- loginTrue -->
        <test-method status="PASS" signature="loginFalse()[pri:0, instance:com.course.cases.LoginTest@6a5fc7f7]" name="loginFalse" duration-ms="1101" started-at="2019-04-21T23:56:52Z" description="用户登陆失败接口测试" finished-at="2019-04-21T23:56:53Z">
          <reporter-output>
          </reporter-output>
        </test-method> <!-- loginFalse -->
      </class> <!-- com.course.cases.LoginTest -->
      <class name="com.course.cases.GetUserInfoTest">
        <test-method status="PASS" signature="getUserInfo()[pri:0, instance:com.course.cases.GetUserInfoTest@6e8dacdf]" name="getUserInfo" duration-ms="1102" depends-on-groups="loginTrue" started-at="2019-04-21T23:56:59Z" description="获取userId为1的用户信息" finished-at="2019-04-21T23:57:00Z">
          <reporter-output>
          </reporter-output>
        </test-method> <!-- getUserInfo -->
      </class> <!-- com.course.cases.GetUserInfoTest -->
      <class name="com.course.cases.GetUserInfoListTest">
        <test-method status="PASS" signature="getUserListInfo()[pri:0, instance:com.course.cases.GetUserInfoListTest@34ce8af7]" name="getUserListInfo" duration-ms="1124" depends-on-groups="loginTrue" started-at="2019-04-21T23:57:23Z" description="获取性别为男的用户信息" finished-at="2019-04-21T23:57:24Z">
          <reporter-output>
          </reporter-output>
        </test-method> <!-- getUserListInfo -->
      </class> <!-- com.course.cases.GetUserInfoListTest -->
      <class name="com.course.cases.AddUserTest">
        <test-method status="PASS" signature="addUser()[pri:0, instance:com.course.cases.AddUserTest@3b6eb2ec]" name="addUser" duration-ms="6021" depends-on-groups="loginTrue" started-at="2019-04-21T23:56:53Z" description="添加用户接口测试" finished-at="2019-04-21T23:56:59Z">
          <reporter-output>
          </reporter-output>
        </test-method> <!-- addUser -->
      </class> <!-- com.course.cases.AddUserTest -->
    </test> <!-- 用户管理系统测试用例 -->
  </suite> <!-- 用户管理系统测试套件 -->
</testng-results>
